============================= test session starts ==============================
platform darwin -- Python 3.13.7, pytest-9.1.1, pluggy-1.6.0
rootdir: /Users/jleechan/projects_other/worktree_web_advice
configfile: pytest.ini
plugins: mock-3.15.1, cov-7.1.0, asyncio-1.4.0, anyio-4.14.2, testmon-2.2.0
asyncio: mode=Mode.STRICT, debug=False, asyncio_default_fixture_loop_scope=None, asyncio_default_test_loop_scope=function
collected 167 items

tests/test_approval_contracts.py ..........                              [  5%]
.claude/skills/web-advice/evals/test_resolver_trigger.py ............... [ 14%]
.....                                                                    [ 17%]
.claude/skills/web-advice/scripts/test_web_advice_transport.py ......... [ 23%]
........................................................................ [ 66%]
.......................................................                  [ 99%]
.claude/skills/web-advice/scripts/test_build_review_packets.py .         [100%]

============================= 167 passed in 2.34s ==============================
